2025-10-16 11:34:00,044 - MT5 connected
2025-10-16 11:34:00,044 - Loaded current ATR value: 3.53214
2025-10-16 11:34:07,050 - Loaded current ATR value: 3.53214
2025-10-16 11:34:14,053 - Loaded current ATR value: 3.53214
2025-10-16 11:34:21,055 - Loaded current ATR value: 3.53214
2025-10-16 11:34:28,057 - Loaded current ATR value: 3.53214
2025-10-16 11:34:35,059 - Loaded current ATR value: 3.53214
2025-10-16 11:34:42,062 - Loaded current ATR value: 3.53214
2025-10-16 11:34:42,064 - Calculated and saved original ATR 2.5350000000003092 for ticket 184484533
2025-10-16 11:34:42,298 - Adjusted SL for BUY position 184484533 to 4226.86
2025-10-16 11:34:49,304 - Loaded current ATR value: 3.53214
2025-10-16 11:34:56,316 - Loaded current ATR value: 3.53214
2025-10-16 11:35:03,320 - Loaded current ATR value: 3.53214
2025-10-16 11:35:10,323 - Loaded current ATR value: 3.20357
2025-10-16 11:35:17,326 - Loaded current ATR value: 3.21429
2025-10-16 11:35:24,331 - Loaded current ATR value: 3.21571
2025-10-16 11:35:31,335 - Loaded current ATR value: 3.23786
2025-10-16 11:35:38,337 - Loaded current ATR value: 3.23786
2025-10-16 11:35:45,340 - Loaded current ATR value: 3.24357
2025-10-16 11:35:52,343 - Loaded current ATR value: 3.30857
2025-10-16 11:35:59,347 - Loaded current ATR value: 3.32786
2025-10-16 11:36:06,348 - Loaded current ATR value: 3.34
2025-10-16 11:36:13,352 - Loaded current ATR value: 3.34
2025-10-16 11:36:20,353 - Loaded current ATR value: 3.40571
2025-10-16 11:36:27,354 - Loaded current ATR value: 3.43714
2025-10-16 11:36:34,356 - Loaded current ATR value: 3.43714
2025-10-16 11:36:41,359 - Loaded current ATR value: 3.43857
2025-10-16 11:36:48,363 - Loaded current ATR value: 3.43857
2025-10-16 11:36:55,365 - Loaded current ATR value: 3.43857
2025-10-16 11:37:02,367 - Loaded current ATR value: 3.43857
2025-10-16 11:37:09,368 - Loaded current ATR value: 3.43857
2025-10-16 11:37:16,370 - Loaded current ATR value: 3.43857
2025-10-16 11:37:23,374 - Loaded current ATR value: 3.43857
2025-10-16 11:37:30,376 - Loaded current ATR value: 3.43857
2025-10-16 11:37:37,379 - Loaded current ATR value: 3.43857
2025-10-16 11:37:44,382 - Loaded current ATR value: 3.43857
2025-10-16 11:37:51,384 - Loaded current ATR value: 3.43857
2025-10-16 11:37:58,386 - Loaded current ATR value: 3.43857
2025-10-16 11:38:05,388 - Loaded current ATR value: 3.43857
2025-10-16 11:38:12,391 - Loaded current ATR value: 3.43857
2025-10-16 11:38:19,393 - Loaded current ATR value: 3.43857
2025-10-16 11:38:26,396 - Loaded current ATR value: 3.43857
2025-10-16 11:38:33,398 - Loaded current ATR value: 3.43857
2025-10-16 11:38:40,402 - Loaded current ATR value: 3.43857
2025-10-16 11:38:47,404 - Loaded current ATR value: 3.43857
2025-10-16 11:38:54,407 - Loaded current ATR value: 3.43857
2025-10-16 11:39:01,411 - Loaded current ATR value: 3.43857
2025-10-16 11:39:08,415 - Loaded current ATR value: 3.43857
2025-10-16 11:39:15,417 - Loaded current ATR value: 3.43857
2025-10-16 11:39:22,419 - Loaded current ATR value: 3.43857
2025-10-16 11:39:29,420 - Loaded current ATR value: 3.43857
2025-10-16 11:39:36,423 - Loaded current ATR value: 3.43857
2025-10-16 11:39:43,424 - Loaded current ATR value: 3.43857
2025-10-16 11:39:50,425 - Loaded current ATR value: 3.43857
2025-10-16 11:39:57,427 - Loaded current ATR value: 3.43857
2025-10-16 11:40:01,394 - Script interrupted by user
2025-10-16 11:40:01,394 - MT5 connection closed
